Unity Editor version:    2020.3.27f1 (e759542391ea)
Branch:                  2020.3/release
Build type:              Release
Batch mode:              YES
macOS version:           Version 10.15.7 (Build 19H1615)
Darwin version:          19.6.0
Architecture:            x86_64
Running under Rosetta:   NO
Available memory:        8192 MB
Using pre-set license
Pro License: NO

COMMAND LINE ARGUMENTS:
/Applications/Unity/Hub/Editor/2020.3.27f1/Unity.app/Contents/MacOS/Unity
-adb2
-batchMode
-noUpm
-name
AssetImportWorker0
-projectPath
/Users/mlf/Desktop/Code Art/100-Sketches/Unity-C#
-logFile
Logs/AssetImportWorker0.log
-srvPort
63282
Successfully changed project path to: /Users/mlf/Desktop/Code Art/100-Sketches/Unity-C#
/Users/mlf/Desktop/Code Art/100-Sketches/Unity-C#
Using Asset Import Pipeline V2.
Refreshing native plugins compatible for Editor in 162.53 ms, found 3 plugins.
Preloading 0 native plugins for Editor in 0.00 ms.
Initialize engine version: 2020.3.27f1 (e759542391ea)
[Subsystems] Discovering subsystems at path /Applications/Unity/Hub/Editor/2020.3.27f1/Unity.app/Contents/Resources/UnitySubsystems
[Subsystems] Discovering subsystems at path /Users/mlf/Desktop/Code Art/100-Sketches/Unity-C#/Assets
GfxDevice: creating device client; threaded=0
2022-03-25 12:19:39.938 Unity[8999:5645599] Color LCD preferred device: Intel(R) Iris(TM) Plus Graphics 650 (low power)
2022-03-25 12:19:39.939 Unity[8999:5645599] Metal devices available: 1
2022-03-25 12:19:39.939 Unity[8999:5645599] 0: Intel(R) Iris(TM) Plus Graphics 650 (low power)
2022-03-25 12:19:39.941 Unity[8999:5645599] Using device Intel(R) Iris(TM) Plus Graphics 650 (low power)
Initializing Metal device caps: Intel(R) Iris(TM) Plus Graphics 650
Initialize mono
Mono path[0] = '/Applications/Unity/Hub/Editor/2020.3.27f1/Unity.app/Contents/Managed'
Mono path[1] = '/Applications/Unity/Hub/Editor/2020.3.27f1/Unity.app/Contents/MonoBleedingEdge/lib/mono/unityjit'
Mono config path = '/Applications/Unity/Hub/Editor/2020.3.27f1/Unity.app/Contents/MonoBleedingEdge/etc'
Using monoOptions --debugger-agent=transport=dt_socket,embedding=1,server=y,suspend=n,address=127.0.0.1:56999
Begin MonoManager ReloadAssembly
Registering precompiled unity dll's ...
Register platform support module: /Applications/Unity/Hub/Editor/2020.3.27f1/Unity.app/Contents/PlaybackEngines/MacStandaloneSupport/UnityEditor.OSXStandalone.Extensions.dll
Registered in 0.003039 seconds.
Native extension for OSXStandalone target not found
Refreshing native plugins compatible for Editor in 71.10 ms, found 3 plugins.
Preloading 0 native plugins for Editor in 0.00 ms.
Mono: successfully reloaded assembly
- Completed reload, in  1.399 seconds
Domain Reload Profiling:
	ReloadAssembly (1399ms)
		BeginReloadAssembly (468ms)
			ExecutionOrderSort (0ms)
			DisableScriptedObjects (0ms)
			BackupInstance (0ms)
			ReleaseScriptingObjects (0ms)
			CreateAndSetChildDomain (1ms)
		EndReloadAssembly (745ms)
			LoadAssemblies (492ms)
			RebuildTransferFunctionScriptingTraits (0ms)
			SetupTypeCache (262ms)
			ReleaseScriptCaches (0ms)
			RebuildScriptCaches (48ms)
			SetupLoadedEditorAssemblies (285ms)
				LogAssemblyErrors (0ms)
				InitializePlatformSupportModulesInManaged (6ms)
				SetLoadedEditorAssemblies (0ms)
				RefreshPlugins (71ms)
				BeforeProcessingInitializeOnLoad (12ms)
				ProcessInitializeOnLoadAttributes (143ms)
				ProcessInitializeOnLoadMethodAttributes (52ms)
				AfterProcessingInitializeOnLoad (0ms)
				EditorAssembliesLoaded (0ms)
			ExecutionOrderSort2 (0ms)
			AwakeInstancesAfterBackupRestoration (0ms)
Platform modules already initialized, skipping
Registering precompiled user dll's ...
Registered in 0.033931 seconds.
Begin MonoManager ReloadAssembly
Native extension for OSXStandalone target not found
Refreshing native plugins compatible for Editor in 65.05 ms, found 3 plugins.
Preloading 0 native plugins for Editor in 0.00 ms.
Mono: successfully reloaded assembly
- Completed reload, in  3.331 seconds
Domain Reload Profiling:
	ReloadAssembly (3333ms)
		BeginReloadAssembly (195ms)
			ExecutionOrderSort (0ms)
			DisableScriptedObjects (6ms)
			BackupInstance (0ms)
			ReleaseScriptingObjects (0ms)
			CreateAndSetChildDomain (41ms)
		EndReloadAssembly (3057ms)
			LoadAssemblies (745ms)
			RebuildTransferFunctionScriptingTraits (0ms)
			SetupTypeCache (590ms)
			ReleaseScriptCaches (1ms)
			RebuildScriptCaches (96ms)
			SetupLoadedEditorAssemblies (1440ms)
				LogAssemblyErrors (0ms)
				InitializePlatformSupportModulesInManaged (4ms)
				SetLoadedEditorAssemblies (0ms)
				RefreshPlugins (65ms)
				BeforeProcessingInitializeOnLoad (94ms)
				ProcessInitializeOnLoadAttributes (1238ms)
				ProcessInitializeOnLoadMethodAttributes (30ms)
				AfterProcessingInitializeOnLoad (8ms)
				EditorAssembliesLoaded (1ms)
			ExecutionOrderSort2 (0ms)
			AwakeInstancesAfterBackupRestoration (10ms)
Platform modules already initialized, skipping
Validating Project structure ... 0.005013 seconds.
Shader import version has changed; will reimport all shaders...
Upgrading shader files ...0.010547 seconds.
Application.AssetDatabase Initial Script Refresh Start
RefreshInfo: InitialScriptRefreshV2(NoUpdateAssetOptions) scanfilter:  ... 1 filters
RefreshProfiler: Total: 0.000ms
Application.AssetDatabase Initial Script Refresh End
Application.AssetDatabase.Refresh Start
Application.AssetDatabase.Refresh End
RefreshInfo: StopAssetImportingV2(ForceSynchronousImport) scanfilter: 
RefreshProfiler: Total: 0.000ms
Launching external process: /Applications/Unity/Hub/Editor/2020.3.27f1/Unity.app/Contents/Tools/UnityShaderCompiler
Launched and connected shader compiler UnityShaderCompiler after 0.06 seconds
Initializing Unity extensions:
========================================================================
Worker process is ready to serve import requests
Refreshing native plugins compatible for Editor in 0.69 ms, found 3 plugins.
Preloading 0 native plugins for Editor in 0.00 ms.
Unloading 3150 Unused Serialized files (Serialized files now loaded: 0)
System memory in use before: 309.4 MB.
System memory in use after: 295.4 MB.

Unloading 166 unused Assets to reduce memory usage. Loaded Objects now: 3597.
Total: 8.641208 ms (FindLiveObjects: 0.310597 ms CreateObjectMapping: 0.211908 ms MarkObjects: 4.508753 ms  DeleteObjects: 3.608799 ms)

AssetImportParameters requested are different than current active one (requested -> active):
  custom:video-decoder-ogg-theora: a1e56fd34408186e4bbccfd4996cb3dc -> 
  custom:container-muxer-webm: aa71ff27fc2769a1b78a27578f13a17b -> 
  custom:container-demuxer-webm: 4f35f7cbe854078d1ac9338744f61a02 -> 
  custom:container-demuxer-ogg: 62fdf1f143b41e24485cea50d1cbac27 -> 
  custom:video-encoder-webm-vp8: eb34c28f22e8b96e1ab97ce403110664 -> 
  custom:framework-osx-AVFoundation: b23960f63f64bdc6ff669e2cdcee2391 -> 
  custom:video-decoder-webm-vp8: 9c59270c3fd7afecdb556c50c9e8de78 -> 
  custom:audio-decoder-ogg-vorbis: bf7c407c2cedff20999df2af8eb42d56 -> 
  custom:audio-encoder-webm-vorbis: bf7c407c2cedff20999df2af8eb42d56 -> 
========================================================================
Received Import Request.
  path: Assets/Scenes/9.unity
  artifactKey: Guid(0065379615bab440f9b3062c372222b1) Importer(815301076,1909f56bfc062723c751e8b465ee728b)
Start importing Assets/Scenes/9.unity using Guid(0065379615bab440f9b3062c372222b1) Importer(815301076,1909f56bfc062723c751e8b465ee728b)  -> (artifact id: 'dcb1510509b5856f6aa42174ce13dbb4') in 0.019402 seconds 
  Import took 0.025846 seconds .

========================================================================
Received Import Request.
  Time since last request: 0.000879 seconds.
  path: Assets/Scenes/9.1.unity
  artifactKey: Guid(fb8e0c3bae3cc4eaba02c6ffe3035c0f) Importer(815301076,1909f56bfc062723c751e8b465ee728b)
Start importing Assets/Scenes/9.1.unity using Guid(fb8e0c3bae3cc4eaba02c6ffe3035c0f) Importer(815301076,1909f56bfc062723c751e8b465ee728b)  -> (artifact id: 'de32f3896ace83732aed7262f00d05e9') in 0.001790 seconds 
  Import took 0.007991 seconds .

========================================================================
Received Import Request.
  Time since last request: 0.000428 seconds.
  path: Assets/Scenes/9.2.unity
  artifactKey: Guid(8d27599790ed74186924ea09cd318c6e) Importer(815301076,1909f56bfc062723c751e8b465ee728b)
Start importing Assets/Scenes/9.2.unity using Guid(8d27599790ed74186924ea09cd318c6e) Importer(815301076,1909f56bfc062723c751e8b465ee728b)  -> (artifact id: 'ea2954bbf8a7d977d2360b0eb51ea48b') in 0.001876 seconds 
  Import took 0.008114 seconds .

========================================================================
Received Import Request.
  Time since last request: 0.000300 seconds.
  path: Assets/Scenes/DSP SoundByte.unity
  artifactKey: Guid(427918d095ab04c8a906b4e7cdd392d3) Importer(815301076,1909f56bfc062723c751e8b465ee728b)
Start importing Assets/Scenes/DSP SoundByte.unity using Guid(427918d095ab04c8a906b4e7cdd392d3) Importer(815301076,1909f56bfc062723c751e8b465ee728b)  -> (artifact id: 'b811bc6455f1fc8c8c7566f54f51f141') in 0.001907 seconds 
  Import took 0.010944 seconds .

========================================================================
Received Import Request.
  Time since last request: 0.000420 seconds.
  path: Assets/Scenes/CCD.unity
  artifactKey: Guid(1f69efa93946542769f3343cdd10274c) Importer(815301076,1909f56bfc062723c751e8b465ee728b)
Start importing Assets/Scenes/CCD.unity using Guid(1f69efa93946542769f3343cdd10274c) Importer(815301076,1909f56bfc062723c751e8b465ee728b)  -> (artifact id: 'f7dd455e7e54ebe11c3410f15a3b5f0d') in 0.001505 seconds 
  Import took 0.007779 seconds .

========================================================================
Received Prepare
Registering precompiled user dll's ...
Registered in 0.027615 seconds.
Begin MonoManager ReloadAssembly
Native extension for OSXStandalone target not found
Refreshing native plugins compatible for Editor in 0.71 ms, found 3 plugins.
Preloading 0 native plugins for Editor in 0.00 ms.
Mono: successfully reloaded assembly
- Completed reload, in  2.649 seconds
Domain Reload Profiling:
	ReloadAssembly (2649ms)
		BeginReloadAssembly (582ms)
			ExecutionOrderSort (0ms)
			DisableScriptedObjects (5ms)
			BackupInstance (0ms)
			ReleaseScriptingObjects (0ms)
			CreateAndSetChildDomain (99ms)
		EndReloadAssembly (1983ms)
			LoadAssemblies (960ms)
			RebuildTransferFunctionScriptingTraits (0ms)
			SetupTypeCache (510ms)
			ReleaseScriptCaches (2ms)
			RebuildScriptCaches (81ms)
			SetupLoadedEditorAssemblies (627ms)
				LogAssemblyErrors (0ms)
				InitializePlatformSupportModulesInManaged (5ms)
				SetLoadedEditorAssemblies (1ms)
				RefreshPlugins (1ms)
				BeforeProcessingInitializeOnLoad (196ms)
				ProcessInitializeOnLoadAttributes (408ms)
				ProcessInitializeOnLoadMethodAttributes (15ms)
				AfterProcessingInitializeOnLoad (2ms)
				EditorAssembliesLoaded (0ms)
			ExecutionOrderSort2 (0ms)
			AwakeInstancesAfterBackupRestoration (12ms)
Platform modules already initialized, skipping
Refreshing native plugins compatible for Editor in 0.90 ms, found 3 plugins.
Preloading 0 native plugins for Editor in 0.00 ms.
Unloading 3021 Unused Serialized files (Serialized files now loaded: 0)
System memory in use before: 279.9 MB.
System memory in use after: 280.1 MB.

Unloading 29 unused Assets to reduce memory usage. Loaded Objects now: 3600.
Total: 3.949486 ms (FindLiveObjects: 0.291216 ms CreateObjectMapping: 0.216640 ms MarkObjects: 3.392185 ms  DeleteObjects: 0.048466 ms)

AssetImportParameters requested are different than current active one (requested -> active):
  custom:video-decoder-ogg-theora: a1e56fd34408186e4bbccfd4996cb3dc -> 
  custom:container-muxer-webm: aa71ff27fc2769a1b78a27578f13a17b -> 
  custom:container-demuxer-webm: 4f35f7cbe854078d1ac9338744f61a02 -> 
  custom:container-demuxer-ogg: 62fdf1f143b41e24485cea50d1cbac27 -> 
  custom:video-encoder-webm-vp8: eb34c28f22e8b96e1ab97ce403110664 -> 
  custom:framework-osx-AVFoundation: b23960f63f64bdc6ff669e2cdcee2391 -> 
  custom:video-decoder-webm-vp8: 9c59270c3fd7afecdb556c50c9e8de78 -> 
  custom:audio-decoder-ogg-vorbis: bf7c407c2cedff20999df2af8eb42d56 -> 
  custom:audio-encoder-webm-vorbis: bf7c407c2cedff20999df2af8eb42d56 -> 
========================================================================
Received Import Request.
  Time since last request: 79.587459 seconds.
  path: Assets/Scenes/8.unity
  artifactKey: Guid(0ec6005e61e72486dbfa9190706f9b12) Importer(815301076,1909f56bfc062723c751e8b465ee728b)
Start importing Assets/Scenes/8.unity using Guid(0ec6005e61e72486dbfa9190706f9b12) Importer(815301076,1909f56bfc062723c751e8b465ee728b)  -> (artifact id: '827b8c8a9a0d7d4fca9af48490502e3a') in 0.013055 seconds 
  Import took 0.019434 seconds .

========================================================================
Received Prepare
Registering precompiled user dll's ...
Registered in 0.030115 seconds.
Begin MonoManager ReloadAssembly
Native extension for OSXStandalone target not found
Refreshing native plugins compatible for Editor in 0.83 ms, found 3 plugins.
Preloading 0 native plugins for Editor in 0.00 ms.
Mono: successfully reloaded assembly
- Completed reload, in  2.990 seconds
Domain Reload Profiling:
	ReloadAssembly (2991ms)
		BeginReloadAssembly (780ms)
			ExecutionOrderSort (0ms)
			DisableScriptedObjects (5ms)
			BackupInstance (0ms)
			ReleaseScriptingObjects (0ms)
			CreateAndSetChildDomain (93ms)
		EndReloadAssembly (2136ms)
			LoadAssemblies (1412ms)
			RebuildTransferFunctionScriptingTraits (0ms)
			SetupTypeCache (492ms)
			ReleaseScriptCaches (2ms)
			RebuildScriptCaches (75ms)
			SetupLoadedEditorAssemblies (578ms)
				LogAssemblyErrors (0ms)
				InitializePlatformSupportModulesInManaged (6ms)
				SetLoadedEditorAssemblies (1ms)
				RefreshPlugins (1ms)
				BeforeProcessingInitializeOnLoad (163ms)
				ProcessInitializeOnLoadAttributes (369ms)
				ProcessInitializeOnLoadMethodAttributes (36ms)
				AfterProcessingInitializeOnLoad (2ms)
				EditorAssembliesLoaded (0ms)
			ExecutionOrderSort2 (0ms)
			AwakeInstancesAfterBackupRestoration (13ms)
Platform modules already initialized, skipping
Refreshing native plugins compatible for Editor in 0.75 ms, found 3 plugins.
Preloading 0 native plugins for Editor in 0.00 ms.
Unloading 3021 Unused Serialized files (Serialized files now loaded: 0)
System memory in use before: 280.3 MB.
System memory in use after: 280.5 MB.

Unloading 28 unused Assets to reduce memory usage. Loaded Objects now: 3602.
Total: 5.692463 ms (FindLiveObjects: 0.263235 ms CreateObjectMapping: 0.148941 ms MarkObjects: 5.254285 ms  DeleteObjects: 0.025013 ms)

AssetImportParameters requested are different than current active one (requested -> active):
  custom:video-decoder-ogg-theora: a1e56fd34408186e4bbccfd4996cb3dc -> 
  custom:container-muxer-webm: aa71ff27fc2769a1b78a27578f13a17b -> 
  custom:container-demuxer-webm: 4f35f7cbe854078d1ac9338744f61a02 -> 
  custom:container-demuxer-ogg: 62fdf1f143b41e24485cea50d1cbac27 -> 
  custom:video-encoder-webm-vp8: eb34c28f22e8b96e1ab97ce403110664 -> 
  custom:framework-osx-AVFoundation: b23960f63f64bdc6ff669e2cdcee2391 -> 
  custom:video-decoder-webm-vp8: 9c59270c3fd7afecdb556c50c9e8de78 -> 
  custom:audio-decoder-ogg-vorbis: bf7c407c2cedff20999df2af8eb42d56 -> 
  custom:audio-encoder-webm-vorbis: bf7c407c2cedff20999df2af8eb42d56 -> 
========================================================================
Received Prepare
Registering precompiled user dll's ...
Registered in 0.034965 seconds.
Begin MonoManager ReloadAssembly
Native extension for OSXStandalone target not found
Refreshing native plugins compatible for Editor in 2.95 ms, found 3 plugins.
Preloading 0 native plugins for Editor in 0.00 ms.
Mono: successfully reloaded assembly
- Completed reload, in  2.712 seconds
Domain Reload Profiling:
	ReloadAssembly (2713ms)
		BeginReloadAssembly (410ms)
			ExecutionOrderSort (0ms)
			DisableScriptedObjects (14ms)
			BackupInstance (0ms)
			ReleaseScriptingObjects (0ms)
			CreateAndSetChildDomain (196ms)
		EndReloadAssembly (2214ms)
			LoadAssemblies (372ms)
			RebuildTransferFunctionScriptingTraits (0ms)
			SetupTypeCache (963ms)
			ReleaseScriptCaches (3ms)
			RebuildScriptCaches (85ms)
			SetupLoadedEditorAssemblies (679ms)
				LogAssemblyErrors (0ms)
				InitializePlatformSupportModulesInManaged (7ms)
				SetLoadedEditorAssemblies (1ms)
				RefreshPlugins (3ms)
				BeforeProcessingInitializeOnLoad (217ms)
				ProcessInitializeOnLoadAttributes (434ms)
				ProcessInitializeOnLoadMethodAttributes (15ms)
				AfterProcessingInitializeOnLoad (2ms)
				EditorAssembliesLoaded (0ms)
			ExecutionOrderSort2 (0ms)
			AwakeInstancesAfterBackupRestoration (16ms)
Platform modules already initialized, skipping
Refreshing native plugins compatible for Editor in 1.18 ms, found 3 plugins.
Preloading 0 native plugins for Editor in 0.00 ms.
Unloading 3021 Unused Serialized files (Serialized files now loaded: 0)
System memory in use before: 280.8 MB.
System memory in use after: 281.1 MB.

Unloading 28 unused Assets to reduce memory usage. Loaded Objects now: 3604.
Total: 5.178594 ms (FindLiveObjects: 0.316350 ms CreateObjectMapping: 0.252668 ms MarkObjects: 4.561067 ms  DeleteObjects: 0.047651 ms)

AssetImportParameters requested are different than current active one (requested -> active):
  custom:video-decoder-ogg-theora: a1e56fd34408186e4bbccfd4996cb3dc -> 
  custom:container-muxer-webm: aa71ff27fc2769a1b78a27578f13a17b -> 
  custom:container-demuxer-webm: 4f35f7cbe854078d1ac9338744f61a02 -> 
  custom:container-demuxer-ogg: 62fdf1f143b41e24485cea50d1cbac27 -> 
  custom:video-encoder-webm-vp8: eb34c28f22e8b96e1ab97ce403110664 -> 
  custom:framework-osx-AVFoundation: b23960f63f64bdc6ff669e2cdcee2391 -> 
  custom:video-decoder-webm-vp8: 9c59270c3fd7afecdb556c50c9e8de78 -> 
  custom:audio-decoder-ogg-vorbis: bf7c407c2cedff20999df2af8eb42d56 -> 
  custom:audio-encoder-webm-vorbis: bf7c407c2cedff20999df2af8eb42d56 -> 
========================================================================
Received Import Request.
  Time since last request: 198.317989 seconds.
  path: Assets/Scenes/1.unity
  artifactKey: Guid(d1c3109bdb54ad54c8a2b2838528e640) Importer(815301076,1909f56bfc062723c751e8b465ee728b)
Start importing Assets/Scenes/1.unity using Guid(d1c3109bdb54ad54c8a2b2838528e640) Importer(815301076,1909f56bfc062723c751e8b465ee728b)  -> (artifact id: '2f67d03ea64f5d5da87cf850ccb215a7') in 0.016508 seconds 
  Import took 0.023706 seconds .

========================================================================
Received Import Request.
  Time since last request: 0.000317 seconds.
  path: Assets/Scenes/1.1.unity
  artifactKey: Guid(3475520d3b5414d11948e02f3fa7b11f) Importer(815301076,1909f56bfc062723c751e8b465ee728b)
Start importing Assets/Scenes/1.1.unity using Guid(3475520d3b5414d11948e02f3fa7b11f) Importer(815301076,1909f56bfc062723c751e8b465ee728b)  -> (artifact id: 'dc81a8e10d40d152af7f89e87b954027') in 0.001976 seconds 
  Import took 0.009938 seconds .

========================================================================
Received Prepare
Registering precompiled user dll's ...
Registered in 0.018973 seconds.
Begin MonoManager ReloadAssembly
Native extension for OSXStandalone target not found
Refreshing native plugins compatible for Editor in 1.19 ms, found 3 plugins.
Preloading 0 native plugins for Editor in 0.00 ms.
Mono: successfully reloaded assembly
- Completed reload, in  1.830 seconds
Domain Reload Profiling:
	ReloadAssembly (1830ms)
		BeginReloadAssembly (172ms)
			ExecutionOrderSort (0ms)
			DisableScriptedObjects (6ms)
			BackupInstance (0ms)
			ReleaseScriptingObjects (0ms)
			CreateAndSetChildDomain (103ms)
		EndReloadAssembly (1576ms)
			LoadAssemblies (118ms)
			RebuildTransferFunctionScriptingTraits (0ms)
			SetupTypeCache (533ms)
			ReleaseScriptCaches (2ms)
			RebuildScriptCaches (101ms)
			SetupLoadedEditorAssemblies (594ms)
				LogAssemblyErrors (0ms)
				InitializePlatformSupportModulesInManaged (7ms)
				SetLoadedEditorAssemblies (1ms)
				RefreshPlugins (1ms)
				BeforeProcessingInitializeOnLoad (176ms)
				ProcessInitializeOnLoadAttributes (397ms)
				ProcessInitializeOnLoadMethodAttributes (10ms)
				AfterProcessingInitializeOnLoad (2ms)
				EditorAssembliesLoaded (0ms)
			ExecutionOrderSort2 (0ms)
			AwakeInstancesAfterBackupRestoration (12ms)
Platform modules already initialized, skipping
Refreshing native plugins compatible for Editor in 0.86 ms, found 3 plugins.
Preloading 0 native plugins for Editor in 0.00 ms.
Unloading 3021 Unused Serialized files (Serialized files now loaded: 0)
System memory in use before: 281.1 MB.
System memory in use after: 281.3 MB.

Unloading 28 unused Assets to reduce memory usage. Loaded Objects now: 3606.
Total: 5.412368 ms (FindLiveObjects: 0.373187 ms CreateObjectMapping: 0.210658 ms MarkObjects: 4.797668 ms  DeleteObjects: 0.028778 ms)

AssetImportParameters requested are different than current active one (requested -> active):
  custom:video-decoder-ogg-theora: a1e56fd34408186e4bbccfd4996cb3dc -> 
  custom:container-muxer-webm: aa71ff27fc2769a1b78a27578f13a17b -> 
  custom:container-demuxer-webm: 4f35f7cbe854078d1ac9338744f61a02 -> 
  custom:container-demuxer-ogg: 62fdf1f143b41e24485cea50d1cbac27 -> 
  custom:video-encoder-webm-vp8: eb34c28f22e8b96e1ab97ce403110664 -> 
  custom:framework-osx-AVFoundation: b23960f63f64bdc6ff669e2cdcee2391 -> 
  custom:video-decoder-webm-vp8: 9c59270c3fd7afecdb556c50c9e8de78 -> 
  custom:audio-decoder-ogg-vorbis: bf7c407c2cedff20999df2af8eb42d56 -> 
  custom:audio-encoder-webm-vorbis: bf7c407c2cedff20999df2af8eb42d56 -> 
========================================================================
Received Import Request.
  Time since last request: 28.845145 seconds.
  path: Assets/Scenes/Text.unity
  artifactKey: Guid(9470215b4ae2a45faaf4a9dccc6300b2) Importer(815301076,1909f56bfc062723c751e8b465ee728b)
Start importing Assets/Scenes/Text.unity using Guid(9470215b4ae2a45faaf4a9dccc6300b2) Importer(815301076,1909f56bfc062723c751e8b465ee728b)  -> (artifact id: 'b79ed7f977459f5e1e31374f3ca8e39c') in 0.028922 seconds 
  Import took 0.035424 seconds .

========================================================================
Received Import Request.
  Time since last request: 17.088037 seconds.
  path: Assets/Scripts/bernie4_export_mapped.fbx
  artifactKey: Guid(7a8f488a5d5d848079797a6a1420d9a7) Importer(815301076,1909f56bfc062723c751e8b465ee728b)
Start importing Assets/Scripts/bernie4_export_mapped.fbx using Guid(7a8f488a5d5d848079797a6a1420d9a7) Importer(815301076,1909f56bfc062723c751e8b465ee728b)  -> (artifact id: '9302257a759f3e3e6e5cf46c6bbcdaf5') in 4.308789 seconds 
  Import took 4.363296 seconds .

========================================================================
Received Import Request.
  Time since last request: 57.502870 seconds.
  path: Assets/Shaders
  artifactKey: Guid(75715c57ad54947b690692cbea039c69) Importer(815301076,1909f56bfc062723c751e8b465ee728b)
Start importing Assets/Shaders using Guid(75715c57ad54947b690692cbea039c69) Importer(815301076,1909f56bfc062723c751e8b465ee728b)  -> (artifact id: 'd0c8db249d74b7c1c16e57cfffaa335d') in 0.001345 seconds 
  Import took 0.010393 seconds .

========================================================================
Received Import Request.
  Time since last request: 20.073320 seconds.
  path: Assets/Shaders/Terrain2.prefab
  artifactKey: Guid(b5f4319158c3345729d892f1d5840618) Importer(815301076,1909f56bfc062723c751e8b465ee728b)
Start importing Assets/Shaders/Terrain2.prefab using Guid(b5f4319158c3345729d892f1d5840618) Importer(815301076,1909f56bfc062723c751e8b465ee728b)  -> (artifact id: '1502c1e56fecadbe65634eaa36880595') in 0.249384 seconds 
  Import took 0.259976 seconds .

========================================================================
Received Prepare
Registering precompiled user dll's ...
Registered in 0.020843 seconds.
Begin MonoManager ReloadAssembly
Native extension for OSXStandalone target not found
Refreshing native plugins compatible for Editor in 1.34 ms, found 3 plugins.
Preloading 0 native plugins for Editor in 0.00 ms.
Mono: successfully reloaded assembly
- Completed reload, in  2.927 seconds
Domain Reload Profiling:
	ReloadAssembly (2930ms)
		BeginReloadAssembly (648ms)
			ExecutionOrderSort (0ms)
			DisableScriptedObjects (15ms)
			BackupInstance (0ms)
			ReleaseScriptingObjects (0ms)
			CreateAndSetChildDomain (167ms)
		EndReloadAssembly (2194ms)
			LoadAssemblies (1008ms)
			RebuildTransferFunctionScriptingTraits (0ms)
			SetupTypeCache (579ms)
			ReleaseScriptCaches (2ms)
			RebuildScriptCaches (84ms)
			SetupLoadedEditorAssemblies (648ms)
				LogAssemblyErrors (0ms)
				InitializePlatformSupportModulesInManaged (8ms)
				SetLoadedEditorAssemblies (2ms)
				RefreshPlugins (1ms)
				BeforeProcessingInitializeOnLoad (190ms)
				ProcessInitializeOnLoadAttributes (416ms)
				ProcessInitializeOnLoadMethodAttributes (30ms)
				AfterProcessingInitializeOnLoad (2ms)
				EditorAssembliesLoaded (0ms)
			ExecutionOrderSort2 (0ms)
			AwakeInstancesAfterBackupRestoration (22ms)
Platform modules already initialized, skipping
Refreshing native plugins compatible for Editor in 1.24 ms, found 3 plugins.
Preloading 0 native plugins for Editor in 0.00 ms.
Unloading 3021 Unused Serialized files (Serialized files now loaded: 0)
System memory in use before: 294.1 MB.
System memory in use after: 294.4 MB.

Unloading 28 unused Assets to reduce memory usage. Loaded Objects now: 3690.
Total: 4.029072 ms (FindLiveObjects: 0.286893 ms CreateObjectMapping: 0.150463 ms MarkObjects: 3.563227 ms  DeleteObjects: 0.027560 ms)

AssetImportParameters requested are different than current active one (requested -> active):
  custom:video-decoder-ogg-theora: a1e56fd34408186e4bbccfd4996cb3dc -> 
  custom:container-muxer-webm: aa71ff27fc2769a1b78a27578f13a17b -> 
  custom:container-demuxer-webm: 4f35f7cbe854078d1ac9338744f61a02 -> 
  custom:container-demuxer-ogg: 62fdf1f143b41e24485cea50d1cbac27 -> 
  custom:video-encoder-webm-vp8: eb34c28f22e8b96e1ab97ce403110664 -> 
  custom:framework-osx-AVFoundation: b23960f63f64bdc6ff669e2cdcee2391 -> 
  custom:video-decoder-webm-vp8: 9c59270c3fd7afecdb556c50c9e8de78 -> 
  custom:audio-decoder-ogg-vorbis: bf7c407c2cedff20999df2af8eb42d56 -> 
  custom:audio-encoder-webm-vorbis: bf7c407c2cedff20999df2af8eb42d56 -> 
========================================================================
Received Import Request.
  Time since last request: 50.186088 seconds.
  path: Assets/Shaders/Materials
  artifactKey: Guid(d972c444f3d9b44738d758434acc0232) Importer(815301076,1909f56bfc062723c751e8b465ee728b)
Start importing Assets/Shaders/Materials using Guid(d972c444f3d9b44738d758434acc0232) Importer(815301076,1909f56bfc062723c751e8b465ee728b)  -> (artifact id: '7e7e6bf5984a2ca67c3c72cdd2a24922') in 0.004990 seconds 
  Import took 0.011340 seconds .

========================================================================
Received Import Request.
  Time since last request: 0.000228 seconds.
  path: Assets/Shaders/Cube.prefab
  artifactKey: Guid(d2cea3505a6ba427d9d2a94c61bf765a) Importer(815301076,1909f56bfc062723c751e8b465ee728b)
Start importing Assets/Shaders/Cube.prefab using Guid(d2cea3505a6ba427d9d2a94c61bf765a) Importer(815301076,1909f56bfc062723c751e8b465ee728b)  -> (artifact id: 'bf984b5251ee778ffced8032828a45c7') in 0.264781 seconds 
  Import took 0.270465 seconds .

========================================================================
Received Import Request.
  Time since last request: 0.101940 seconds.
  path: Assets/Shaders/wave.shadergraph
  artifactKey: Guid(b9fcbfebd99cb448e92b680c559f64c3) Importer(815301076,1909f56bfc062723c751e8b465ee728b)
Start importing Assets/Shaders/wave.shadergraph using Guid(b9fcbfebd99cb448e92b680c559f64c3) Importer(815301076,1909f56bfc062723c751e8b465ee728b)  -> (artifact id: '2c97d651945375cfe6cc23c68401a83b') in 0.176781 seconds 
  Import took 0.185917 seconds .

========================================================================
Received Import Request.
  Time since last request: 4.086669 seconds.
  path: Assets/Shaders/4.1.shadergraph
  artifactKey: Guid(168c3cd17f0be4bbca75c1163abae55a) Importer(815301076,1909f56bfc062723c751e8b465ee728b)
Start importing Assets/Shaders/4.1.shadergraph using Guid(168c3cd17f0be4bbca75c1163abae55a) Importer(815301076,1909f56bfc062723c751e8b465ee728b)  -> (artifact id: '7aa42d5b4d78a9b55e06668fd281aac3') in 0.011050 seconds 
  Import took 0.025342 seconds .

========================================================================
Received Import Request.
  Time since last request: 2.913601 seconds.
  path: Assets/Shaders/13386-v1.jpg
  artifactKey: Guid(79cb2ff97d6284aff9d630475bdd9b35) Importer(815301076,1909f56bfc062723c751e8b465ee728b)
Start importing Assets/Shaders/13386-v1.jpg using Guid(79cb2ff97d6284aff9d630475bdd9b35) Importer(815301076,1909f56bfc062723c751e8b465ee728b)  -> (artifact id: '5854c299a4de988f3691a95562a1b3e1') in 0.808873 seconds 
  Import took 0.819610 seconds .

========================================================================
Received Import Request.
  Time since last request: 51.030253 seconds.
  path: Assets/Shaders/BernieShader.shadergraph
  artifactKey: Guid(be98b0e99f5844d3c81477b46c17ad8c) Importer(815301076,1909f56bfc062723c751e8b465ee728b)
Start importing Assets/Shaders/BernieShader.shadergraph using Guid(be98b0e99f5844d3c81477b46c17ad8c) Importer(815301076,1909f56bfc062723c751e8b465ee728b)  -> (artifact id: '8f60edc2e016d9b7e2ec097ebd2fe621') in 0.018784 seconds 
  Import took 0.039562 seconds .

========================================================================
Received Import Request.
  Time since last request: 281.025471 seconds.
  path: Assets/Shaders/BernieShader.shadergraph
  artifactKey: Guid(be98b0e99f5844d3c81477b46c17ad8c) Importer(815301076,1909f56bfc062723c751e8b465ee728b)
Start importing Assets/Shaders/BernieShader.shadergraph using Guid(be98b0e99f5844d3c81477b46c17ad8c) Importer(815301076,1909f56bfc062723c751e8b465ee728b)  -> (artifact id: '95dee31a466ed1727b3acc67857300f9') in 0.036607 seconds 
  Import took 0.076870 seconds .

========================================================================
Received Import Request.
  Time since last request: 12.196312 seconds.
  path: Assets/Shaders/Terrain1.prefab
  artifactKey: Guid(1fd0153a157a64b6381fcaf5987a78c2) Importer(815301076,1909f56bfc062723c751e8b465ee728b)
Start importing Assets/Shaders/Terrain1.prefab using Guid(1fd0153a157a64b6381fcaf5987a78c2) Importer(815301076,1909f56bfc062723c751e8b465ee728b)  -> (artifact id: 'fed9899dcf89fd90afddbfbb1b6b8238') in 0.031905 seconds 
  Import took 0.046930 seconds .

